
> manga-generator-app@1.0.0 build
> next build

[baseline-browser-mapping] The data in this module is over two months old.  To ensure accurate Baseline data, please update: `npm i baseline-browser-mapping@latest -D`
   ▲ Next.js 16.0.10 (Turbopack)
   - Environments: .env

   Creating an optimized production build ...
[baseline-browser-mapping] The data in this module is over two months old.  To ensure accurate Baseline data, please update: `npm i baseline-browser-mapping@latest -D`
 ✓ Compiled successfully in 9.1s
   Skipping validation of types
   Collecting page data using 11 workers ...
[baseline-browser-mapping] The data in this module is over two months old.  To ensure accurate Baseline data, please update: `npm i baseline-browser-mapping@latest -D`
[baseline-browser-mapping] The data in this module is over two months old.  To ensure accurate Baseline data, please update: `npm i baseline-browser-mapping@latest -D`
[baseline-browser-mapping] The data in this module is over two months old.  To ensure accurate Baseline data, please update: `npm i baseline-browser-mapping@latest -D`
[baseline-browser-mapping] The data in this module is over two months old.  To ensure accurate Baseline data, please update: `npm i baseline-browser-mapping@latest -D`
[baseline-browser-mapping] The data in this module is over two months old.  To ensure accurate Baseline data, please update: `npm i baseline-browser-mapping@latest -D`
[baseline-browser-mapping] The data in this module is over two months old.  To ensure accurate Baseline data, please update: `npm i baseline-browser-mapping@latest -D`
[baseline-browser-mapping] The data in this module is over two months old.  To ensure accurate Baseline data, please update: `npm i baseline-browser-mapping@latest -D`
[baseline-browser-mapping] The data in this module is over two months old.  To ensure accurate Baseline data, please update: `npm i baseline-browser-mapping@latest -D`
[baseline-browser-mapping] The data in this module is over two months old.  To ensure accurate Baseline data, please update: `npm i baseline-browser-mapping@latest -D`
[baseline-browser-mapping] The data in this module is over two months old.  To ensure accurate Baseline data, please update: `npm i baseline-browser-mapping@latest -D`
[baseline-browser-mapping] The data in this module is over two months old.  To ensure accurate Baseline data, please update: `npm i baseline-browser-mapping@latest -D`
   Generating static pages using 11 workers (0/17) ...
[baseline-browser-mapping] The data in this module is over two months old.  To ensure accurate Baseline data, please update: `npm i baseline-browser-mapping@latest -D`
   Generating static pages using 11 workers (4/17) 
 ⨯ useSearchParams() should be wrapped in a suspense boundary at page "/auth/login". Read more: https://nextjs.org/docs/messages/missing-suspense-with-csr-bailout
    at S (C:\Users\XPS\Desktop\work\manga-clement-ai\.next\server\chunks\ssr\1dff6_next_9b98d01d._.js:2:2111)
    at p (C:\Users\XPS\Desktop\work\manga-clement-ai\.next\server\chunks\ssr\1dff6_next_9b98d01d._.js:4:4848)
    at o (C:\Users\XPS\Desktop\work\manga-clement-ai\.next\server\chunks\ssr\[root-of-the-server]__16002c39._.js:1:10387)
    at J (C:\Users\XPS\Desktop\work\manga-clement-ai\.next\server\chunks\ssr\_fc1daf9f._.js:1:5158)
    at ar (C:\Users\XPS\Desktop\work\manga-clement-ai\node_modules\.pnpm\next@16.0.10_react-dom@19.2.0_react@19.2.0__react@19.2.0\node_modules\next\dist\compiled\next-server\app-page-turbo.runtime.prod.js:2:84366)
    at aa (C:\Users\XPS\Desktop\work\manga-clement-ai\node_modules\.pnpm\next@16.0.10_react-dom@19.2.0_react@19.2.0__react@19.2.0\node_modules\next\dist\compiled\next-server\app-page-turbo.runtime.prod.js:2:86185)
    at as (C:\Users\XPS\Desktop\work\manga-clement-ai\node_modules\.pnpm\next@16.0.10_react-dom@19.2.0_react@19.2.0__react@19.2.0\node_modules\next\dist\compiled\next-server\app-page-turbo.runtime.prod.js:2:107952)
    at ao (C:\Users\XPS\Desktop\work\manga-clement-ai\node_modules\.pnpm\next@16.0.10_react-dom@19.2.0_react@19.2.0__react@19.2.0\node_modules\next\dist\compiled\next-server\app-page-turbo.runtime.prod.js:2:105374)
    at an (C:\Users\XPS\Desktop\work\manga-clement-ai\node_modules\.pnpm\next@16.0.10_react-dom@19.2.0_react@19.2.0__react@19.2.0\node_modules\next\dist\compiled\next-server\app-page-turbo.runtime.prod.js:2:84718)
    at aa (C:\Users\XPS\Desktop\work\manga-clement-ai\node_modules\.pnpm\next@16.0.10_react-dom@19.2.0_react@19.2.0__react@19.2.0\node_modules\next\dist\compiled\next-server\app-page-turbo.runtime.prod.js:2:86234)
Error occurred prerendering page "/auth/login". Read more: https://nextjs.org/docs/messages/prerender-error
Export encountered an error on /auth/login/page: /auth/login, exiting the build.
 ⨯ Next.js build worker exited with code: 1 and signal: null
